<?xml version="1.0" encoding="UTF-8"?>
<testsuite xmlns:xsi="http://www.w3.org/2001/XMLSchema-instance" xsi:noNamespaceSchemaLocation="https://maven.apache.org/surefire/maven-surefire-plugin/xsd/surefire-test-report-3.0.xsd" version="3.0" name="edu.fiuba.algo3.modelo.BloqueTest" time="0.017" tests="11" errors="0" skipped="0" failures="0">
  <properties>
[...]
</properties>
  <testcase name="test05LapizAbajoCambiaElLapizDelPersonaje" classname="edu.fiuba.algo3.modelo.BloqueTest" time="0"/>
  <testcase name="test09BloqueInversoInvierteAlgoritmo" classname="edu.fiuba.algo3.modelo.BloqueTest" time="0"/>
  <testcase name="test06LapizArribaCambiaElLapizDelPersonaje" classname="edu.fiuba.algo3.modelo.BloqueTest" time="0.001"/>
  <testcase name="test01BloqueDerechaSeEjecutaYmueveAPersonaje" classname="edu.fiuba.algo3.modelo.BloqueTest" time="0.001"/>
  <testcase name="test08BloqueRepetirRepiteTresVecesYmueveAlPersonaje" classname="edu.fiuba.algo3.modelo.BloqueTest" time="0.001"/>
  <testcase name="test03BloqueArribaSeEjecutaYmueveAPersonaje" classname="edu.fiuba.algo3.modelo.BloqueTest" time="0"/>
  <testcase name="test11BloqueAlgoritmoPersonalizado" classname="edu.fiuba.algo3.modelo.BloqueTest" time="0.001"/>
  <testcase name="test04BloqueAbajoSeEjecutaYmueveAPersonaje" classname="edu.fiuba.algo3.modelo.BloqueTest" time="0.001"/>
  <testcase name="test02BloqueIzquierdaSeEjecutaYmueveAPersonaje" classname="edu.fiuba.algo3.modelo.BloqueTest" time="0.003"/>
  <testcase name="test07BloqueRepetirRepiteDosVecesYmueveAlPersonaje" classname="edu.fiuba.algo3.modelo.BloqueTest" time="0"/>
  <testcase name="test10BloqueRepetirTieneSuPropioAlogoBlocksQueAñadeAListaDeBloqueRepetir" classname="edu.fiuba.algo3.modelo.BloqueTest" time="0.002"/>
</testsuite>