<?xml version="1.0" encoding="UTF-8"?>
<testsuite xmlns:xsi="http://www.w3.org/2001/XMLSchema-instance" xsi:noNamespaceSchemaLocation="https://maven.apache.org/surefire/maven-surefire-plugin/xsd/surefire-test-report-3.0.xsd" version="3.0" name="edu.fiuba.algo3.modelo.PersonajeTest" time="0.001" tests="5" errors="0" skipped="0" failures="0">
  <properties>
[...]
</properties>
  <testcase name="testPersonajeSeCreaEnLaPosicionDelOrigenCorrecta" classname="edu.fiuba.algo3.modelo.PersonajeTest" time="0"/>
  <testcase name="testActualizarPosicionDelPersonajeLaPosicionInicialYFinalSonCorrectas" classname="edu.fiuba.algo3.modelo.PersonajeTest" time="0"/>
  <testcase name="testBajarLapizDelPersonajeYVolverASubirlo" classname="edu.fiuba.algo3.modelo.PersonajeTest" time="0"/>
  <testcase name="testBajarLapizDelPersonaje" classname="edu.fiuba.algo3.modelo.PersonajeTest" time="0"/>
  <testcase name="testSeCreaPersonajeConElLapizArriba" classname="edu.fiuba.algo3.modelo.PersonajeTest" time="0"/>
</testsuite>